

Processing ApplicationController#index (for 127.0.0.1 at 2010-06-29 22:33:31) [GET]

ActionController::RoutingError (No route matches "/" with {:method=>:get}):
  /opt/local/lib/ruby/1.8/webrick/httpserver.rb:104:in `service'
  /opt/local/lib/ruby/1.8/webrick/httpserver.rb:65:in `run'
  /opt/local/lib/ruby/1.8/webrick/server.rb:173:in `start_thread'
  /opt/local/lib/ruby/1.8/webrick/server.rb:162:in `start'
  /opt/local/lib/ruby/1.8/webrick/server.rb:162:in `start_thread'
  /opt/local/lib/ruby/1.8/webrick/server.rb:95:in `start'
  /opt/local/lib/ruby/1.8/webrick/server.rb:92:in `each'
  /opt/local/lib/ruby/1.8/webrick/server.rb:92:in `start'
  /opt/local/lib/ruby/1.8/webrick/server.rb:23:in `start'
  /opt/local/lib/ruby/1.8/webrick/server.rb:82:in `start'

Rendering rescues/layout (not_found)


Processing HomeController#index (for 127.0.0.1 at 2010-06-29 22:34:00) [GET]
Rendering home/index
Completed in 1374ms (View: 46, DB: 0) | 200 OK [http://localhost/]


Processing HomeController#index (for 127.0.0.1 at 2010-06-29 22:34:17) [GET]
Rendering template within layouts/home
Rendering home/index
Completed in 64ms (View: 62, DB: 0) | 200 OK [http://localhost/]


Processing HomeController#index (for 127.0.0.1 at 2010-06-29 22:35:49) [GET]
Rendering template within layouts/home
Rendering home/index
Completed in 7ms (View: 6, DB: 0) | 200 OK [http://localhost/]
  [4;36;1mSQL (0.4ms)[0m   [0;1m SELECT name
 FROM sqlite_master
 WHERE type = 'table' AND NOT name = 'sqlite_sequence'
[0m
  [4;35;1mSQL (0.2ms)[0m   [0mselect sqlite_version(*)[0m
  [4;36;1mSQL (3.5ms)[0m   [0;1mCREATE TABLE "schema_migrations" ("version" varchar(255) NOT NULL) [0m
  [4;35;1mSQL (2.0ms)[0m   [0mCREATE UNIQUE INDEX "unique_schema_migrations" ON "schema_migrations" ("version")[0m
  [4;36;1mSQL (0.3ms)[0m   [0;1m SELECT name
 FROM sqlite_master
 WHERE type = 'table' AND NOT name = 'sqlite_sequence'
[0m
  [4;35;1mSQL (0.2ms)[0m   [0mSELECT version FROM schema_migrations[0m
Migrating to CreateParks (20100630054236)
  [4;36;1mSQL (0.8ms)[0m   [0;1mCREATE TABLE "parks" ("id" INTEGER PRIMARY KEY AUTOINCREMENT NOT NULL, "name" varchar(255), "site_url" varchar(255), "image_url" varchar(255), "latitude" float, "longitude" float, "description" text, "created_at" datetime, "updated_at" datetime) [0m
  [4;35;1mSQL (0.2ms)[0m   [0mINSERT INTO schema_migrations (version) VALUES ('20100630054236')[0m
  [4;36;1mSQL (0.3ms)[0m   [0;1m SELECT name
 FROM sqlite_master
 WHERE type = 'table' AND NOT name = 'sqlite_sequence'
[0m
  [4;35;1mSQL (0.4ms)[0m   [0mSELECT version FROM schema_migrations[0m
  [4;36;1mSQL (0.2ms)[0m   [0;1m SELECT name
 FROM sqlite_master
 WHERE type = 'table' AND NOT name = 'sqlite_sequence'
[0m
  [4;35;1mSQL (0.0ms)[0m   [0mPRAGMA index_list("parks")[0m
  [4;36;1mPark Load (0.6ms)[0m   [0;1mSELECT * FROM "parks" [0m
  [4;35;1mPark Create (0.6ms)[0m   [0mINSERT INTO "parks" ("name", "latitude", "created_at", "image_url", "site_url", "updated_at", "longitude", "description") VALUES('Yellowstone', NULL, '2010-06-30 05:45:24', NULL, NULL, '2010-06-30 05:45:24', NULL, 'awesome')[0m
  [4;36;1mPark Load (0.5ms)[0m   [0;1mSELECT * FROM "parks" [0m
  [4;35;1mPark Update (262.2ms)[0m   [0mUPDATE "parks" SET "updated_at" = '2010-06-30 05:51:05', "site_url" = 'http://www.nps.gov/yell/index.htm', "longitude" = -110.5001, "latitude" = 44.5971, "image_url" = 'http://www.nps.gov/yell/images/canyon.jpg' WHERE "id" = 1[0m


Processing HomeController#index (for 127.0.0.1 at 2010-06-29 22:52:45) [GET]
Rendering template within layouts/home
Rendering home/index
Completed in 9ms (View: 7, DB: 0) | 200 OK [http://localhost/]


Processing ParksController#index (for 127.0.0.1 at 2010-06-29 22:54:33) [GET]
  [4;36;1mPark Load (0.8ms)[0m   [0;1mSELECT * FROM "parks" [0m
Rendering template within layouts/parks
Rendering parks/index
Completed in 29ms (View: 24, DB: 1) | 200 OK [http://localhost/parks]


Processing ParksController#show (for 127.0.0.1 at 2010-06-29 22:54:38) [GET]
  Parameters: {"id"=>"1"}
  [4;35;1mPark Load (0.3ms)[0m   [0mSELECT * FROM "parks" WHERE ("parks"."id" = 1) [0m
Rendering template within layouts/parks
Rendering parks/show
Completed in 14ms (View: 7, DB: 0) | 200 OK [http://localhost/parks/1]


Processing ParksController#index (for 127.0.0.1 at 2010-06-29 22:54:43) [GET]
  [4;36;1mPark Load (0.5ms)[0m   [0;1mSELECT * FROM "parks" [0m
Rendering template within layouts/parks
Rendering parks/index
Completed in 12ms (View: 7, DB: 1) | 200 OK [http://localhost/parks]


Processing ParksController#new (for 127.0.0.1 at 2010-06-29 22:54:44) [GET]
Rendering template within layouts/parks
Rendering parks/new
Completed in 15ms (View: 10, DB: 0) | 200 OK [http://localhost/parks/new]


Processing ParksController#create (for 127.0.0.1 at 2010-06-29 22:57:02) [POST]
  Parameters: {"park"=>{"name"=>"North Cascades National Park", "latitude"=>"48.77134", "image_url"=>"", "site_url"=>"", "description"=>"This park is huge.", "longitude"=>"-121.30028"}, "commit"=>"Create", "authenticity_token"=>"AbTLiut4/z9Uxi+M4IbtK26HbC88nFJ0vyJryUt+gzA="}
  [4;35;1mPark Create (0.5ms)[0m   [0mINSERT INTO "parks" ("name", "latitude", "created_at", "image_url", "site_url", "updated_at", "longitude", "description") VALUES('North Cascades National Park', 48.77134, '2010-06-30 05:57:02', '', '', '2010-06-30 05:57:02', -121.30028, 'This park is huge.')[0m
Redirected to http://localhost:3000/parks/2
Completed in 12ms (DB: 0) | 302 Found [http://localhost/parks]


Processing ParksController#show (for 127.0.0.1 at 2010-06-29 22:57:03) [GET]
  Parameters: {"id"=>"2"}
  [4;36;1mPark Load (0.2ms)[0m   [0;1mSELECT * FROM "parks" WHERE ("parks"."id" = 2) [0m
Rendering template within layouts/parks
Rendering parks/show
Completed in 9ms (View: 3, DB: 0) | 200 OK [http://localhost/parks/2]


Processing ParksController#index (for 127.0.0.1 at 2010-06-29 22:57:04) [GET]
  [4;35;1mPark Load (0.9ms)[0m   [0mSELECT * FROM "parks" [0m
Rendering template within layouts/parks
Rendering parks/index
Completed in 14ms (View: 9, DB: 1) | 200 OK [http://localhost/parks]


Processing HomeController#index (for 127.0.0.1 at 2010-06-29 22:57:16) [GET]
Rendering template within layouts/home
Rendering home/index
Completed in 4ms (View: 2, DB: 0) | 200 OK [http://localhost/]


Processing HomeController#index (for 127.0.0.1 at 2010-06-29 23:05:39) [GET]
Rendering template within layouts/home
Rendering home/index
Completed in 7ms (View: 5, DB: 0) | 200 OK [http://localhost/]


Processing HomeController#index (for 127.0.0.1 at 2010-06-29 23:05:51) [GET]
Rendering template within layouts/home
Rendering home/index
Completed in 7ms (View: 5, DB: 0) | 200 OK [http://localhost/]


Processing HomeController#index (for 127.0.0.1 at 2010-06-29 23:06:07) [GET]
Rendering template within layouts/home
Rendering home/index
Completed in 7ms (View: 5, DB: 0) | 200 OK [http://localhost/]


Processing HomeController#index (for 127.0.0.1 at 2010-06-29 23:07:39) [GET]
Rendering template within layouts/home
Rendering home/index
Completed in 7ms (View: 5, DB: 0) | 200 OK [http://localhost/]


Processing HomeController#index (for 127.0.0.1 at 2010-06-29 23:14:50) [GET]
Rendering template within layouts/home
Rendering home/index
Completed in 3ms (View: 1, DB: 0) | 200 OK [http://localhost/]


Processing HomeController#index (for 127.0.0.1 at 2010-06-29 23:15:03) [GET]
Rendering template within layouts/home
Rendering home/index
Completed in 3ms (View: 1, DB: 0) | 200 OK [http://localhost/]


Processing HomeController#index (for 127.0.0.1 at 2010-06-29 23:15:42) [GET]
Rendering template within layouts/home
Rendering home/index
Completed in 3ms (View: 1, DB: 0) | 200 OK [http://localhost/]


Processing HomeController#index (for 127.0.0.1 at 2010-06-29 23:16:54) [GET]
Rendering template within layouts/home
Rendering home/index
Completed in 3ms (View: 1, DB: 0) | 200 OK [http://localhost/]


Processing HomeController#index (for 127.0.0.1 at 2010-06-29 23:17:02) [GET]
Rendering template within layouts/home
Rendering home/index
Completed in 3ms (View: 1, DB: 0) | 200 OK [http://localhost/]


Processing HomeController#index (for 127.0.0.1 at 2010-06-29 23:19:52) [GET]
Rendering template within layouts/home
Rendering home/index
Completed in 3ms (View: 1, DB: 0) | 200 OK [http://localhost/]


Processing HomeController#index (for 127.0.0.1 at 2010-06-29 23:22:56) [GET]
Rendering template within layouts/home
Rendering home/index
Completed in 3ms (View: 1, DB: 0) | 200 OK [http://localhost/]


Processing HomeController#index (for 127.0.0.1 at 2010-06-29 23:29:37) [GET]
Rendering template within layouts/home
Rendering home/index
Completed in 3ms (View: 1, DB: 0) | 200 OK [http://localhost/]


Processing HomeController#index (for 127.0.0.1 at 2010-06-29 23:42:30) [GET]
  [4;36;1mPark Load (0.6ms)[0m   [0;1mSELECT * FROM "parks" [0m
Rendering template within layouts/home
Rendering home/index
Completed in 12ms (View: 5, DB: 1) | 200 OK [http://localhost/]


Processing ApplicationController#index (for 127.0.0.1 at 2010-06-29 23:42:42) [GET]

ActionController::RoutingError (No route matches "/North%20Cascades%20National%20Park" with {:method=>:get}):
  /opt/local/lib/ruby/1.8/webrick/httpserver.rb:104:in `service'
  /opt/local/lib/ruby/1.8/webrick/httpserver.rb:65:in `run'
  /opt/local/lib/ruby/1.8/webrick/server.rb:173:in `start_thread'
  /opt/local/lib/ruby/1.8/webrick/server.rb:162:in `start'
  /opt/local/lib/ruby/1.8/webrick/server.rb:162:in `start_thread'
  /opt/local/lib/ruby/1.8/webrick/server.rb:95:in `start'
  /opt/local/lib/ruby/1.8/webrick/server.rb:92:in `each'
  /opt/local/lib/ruby/1.8/webrick/server.rb:92:in `start'
  /opt/local/lib/ruby/1.8/webrick/server.rb:23:in `start'
  /opt/local/lib/ruby/1.8/webrick/server.rb:82:in `start'

Rendering rescues/layout (not_found)


Processing ApplicationController#index (for 127.0.0.1 at 2010-06-29 23:42:45) [GET]

ActionController::RoutingError (No route matches "/Yellowstone" with {:method=>:get}):
  /opt/local/lib/ruby/1.8/webrick/httpserver.rb:104:in `service'
  /opt/local/lib/ruby/1.8/webrick/httpserver.rb:65:in `run'
  /opt/local/lib/ruby/1.8/webrick/server.rb:173:in `start_thread'
  /opt/local/lib/ruby/1.8/webrick/server.rb:162:in `start'
  /opt/local/lib/ruby/1.8/webrick/server.rb:162:in `start_thread'
  /opt/local/lib/ruby/1.8/webrick/server.rb:95:in `start'
  /opt/local/lib/ruby/1.8/webrick/server.rb:92:in `each'
  /opt/local/lib/ruby/1.8/webrick/server.rb:92:in `start'
  /opt/local/lib/ruby/1.8/webrick/server.rb:23:in `start'
  /opt/local/lib/ruby/1.8/webrick/server.rb:82:in `start'

Rendering rescues/layout (not_found)


Processing HomeController#index (for 127.0.0.1 at 2010-06-29 23:43:27) [GET]
  [4;35;1mPark Load (0.6ms)[0m   [0mSELECT * FROM "parks" [0m
Rendering template within layouts/home
Rendering home/index
Completed in 8ms (View: 2, DB: 1) | 200 OK [http://localhost/]


Processing HomeController#index (for 127.0.0.1 at 2010-06-29 23:43:40) [GET]
  [4;36;1mPark Load (0.6ms)[0m   [0;1mSELECT * FROM "parks" [0m
Rendering template within layouts/home
Rendering home/index
Completed in 9ms (View: 2, DB: 1) | 200 OK [http://localhost/]


Processing HomeController#index (for 127.0.0.1 at 2010-06-29 23:44:04) [GET]
  [4;35;1mPark Load (0.8ms)[0m   [0mSELECT * FROM "parks" [0m
Rendering template within layouts/home
Rendering home/index
Completed in 9ms (View: 2, DB: 1) | 200 OK [http://localhost/]


Processing HomeController#index (for 127.0.0.1 at 2010-06-29 23:44:43) [GET]
  [4;36;1mPark Load (0.6ms)[0m   [0;1mSELECT * FROM "parks" [0m
Rendering template within layouts/home
Rendering home/index
Completed in 8ms (View: 2, DB: 1) | 200 OK [http://localhost/]


Processing HomeController#index (for 127.0.0.1 at 2010-06-29 23:44:47) [GET]
  [4;35;1mPark Load (0.6ms)[0m   [0mSELECT * FROM "parks" [0m
Rendering template within layouts/home
Rendering home/index
Completed in 9ms (View: 2, DB: 1) | 200 OK [http://localhost/]


Processing ApplicationController#index (for 127.0.0.1 at 2010-06-29 23:44:55) [GET]

ActionController::RoutingError (No route matches "/North%20Cascades%20National%20Park" with {:method=>:get}):
  /opt/local/lib/ruby/1.8/webrick/httpserver.rb:104:in `service'
  /opt/local/lib/ruby/1.8/webrick/httpserver.rb:65:in `run'
  /opt/local/lib/ruby/1.8/webrick/server.rb:173:in `start_thread'
  /opt/local/lib/ruby/1.8/webrick/server.rb:162:in `start'
  /opt/local/lib/ruby/1.8/webrick/server.rb:162:in `start_thread'
  /opt/local/lib/ruby/1.8/webrick/server.rb:95:in `start'
  /opt/local/lib/ruby/1.8/webrick/server.rb:92:in `each'
  /opt/local/lib/ruby/1.8/webrick/server.rb:92:in `start'
  /opt/local/lib/ruby/1.8/webrick/server.rb:23:in `start'
  /opt/local/lib/ruby/1.8/webrick/server.rb:82:in `start'

Rendering rescues/layout (not_found)


Processing HomeController#index (for 127.0.0.1 at 2010-06-29 23:45:06) [GET]
  [4;36;1mPark Load (0.7ms)[0m   [0;1mSELECT * FROM "parks" [0m
Rendering template within layouts/home
Rendering home/index
Completed in 9ms (View: 2, DB: 1) | 200 OK [http://localhost/]


Processing ApplicationController#index (for 127.0.0.1 at 2010-06-29 23:45:17) [GET]

ActionController::RoutingError (No route matches "/North%20Cascades%20National%20Park" with {:method=>:get}):
  /opt/local/lib/ruby/1.8/webrick/httpserver.rb:104:in `service'
  /opt/local/lib/ruby/1.8/webrick/httpserver.rb:65:in `run'
  /opt/local/lib/ruby/1.8/webrick/server.rb:173:in `start_thread'
  /opt/local/lib/ruby/1.8/webrick/server.rb:162:in `start'
  /opt/local/lib/ruby/1.8/webrick/server.rb:162:in `start_thread'
  /opt/local/lib/ruby/1.8/webrick/server.rb:95:in `start'
  /opt/local/lib/ruby/1.8/webrick/server.rb:92:in `each'
  /opt/local/lib/ruby/1.8/webrick/server.rb:92:in `start'
  /opt/local/lib/ruby/1.8/webrick/server.rb:23:in `start'
  /opt/local/lib/ruby/1.8/webrick/server.rb:82:in `start'

Rendering rescues/layout (not_found)


Processing ApplicationController#index (for 127.0.0.1 at 2010-06-29 23:45:18) [GET]

ActionController::RoutingError (No route matches "/Yellowstone" with {:method=>:get}):
  /opt/local/lib/ruby/1.8/webrick/httpserver.rb:104:in `service'
  /opt/local/lib/ruby/1.8/webrick/httpserver.rb:65:in `run'
  /opt/local/lib/ruby/1.8/webrick/server.rb:173:in `start_thread'
  /opt/local/lib/ruby/1.8/webrick/server.rb:162:in `start'
  /opt/local/lib/ruby/1.8/webrick/server.rb:162:in `start_thread'
  /opt/local/lib/ruby/1.8/webrick/server.rb:95:in `start'
  /opt/local/lib/ruby/1.8/webrick/server.rb:92:in `each'
  /opt/local/lib/ruby/1.8/webrick/server.rb:92:in `start'
  /opt/local/lib/ruby/1.8/webrick/server.rb:23:in `start'
  /opt/local/lib/ruby/1.8/webrick/server.rb:82:in `start'

Rendering rescues/layout (not_found)


Processing HomeController#index (for 127.0.0.1 at 2010-06-29 23:46:31) [GET]
  [4;35;1mPark Load (0.6ms)[0m   [0mSELECT * FROM "parks" [0m
Rendering template within layouts/home
Rendering home/index
Completed in 9ms (View: 2, DB: 1) | 200 OK [http://localhost/]


Processing HomeController#index (for 127.0.0.1 at 2010-06-29 23:57:09) [GET]
  [4;36;1mPark Load (0.6ms)[0m   [0;1mSELECT * FROM "parks" [0m
Rendering template within layouts/home
Rendering home/index
Completed in 8ms (View: 2, DB: 1) | 200 OK [http://localhost/]


Processing HomeController#index (for 127.0.0.1 at 2010-06-30 00:15:31) [GET]
  [4;35;1mPark Load (0.6ms)[0m   [0mSELECT * FROM "parks" [0m
Rendering template within layouts/home
Rendering home/index
Completed in 43ms (View: 2, DB: 1) | 200 OK [http://localhost/]


Processing HomeController#index (for 127.0.0.1 at 2010-06-30 00:17:05) [GET]
  [4;36;1mPark Load (0.6ms)[0m   [0;1mSELECT * FROM "parks" [0m
Rendering template within layouts/home
Rendering home/index
Completed in 8ms (View: 2, DB: 1) | 200 OK [http://localhost/]


Processing HomeController#index (for 127.0.0.1 at 2010-06-30 00:17:24) [GET]
  [4;35;1mPark Load (0.6ms)[0m   [0mSELECT * FROM "parks" [0m
Rendering template within layouts/home
Rendering home/index
Completed in 9ms (View: 2, DB: 1) | 200 OK [http://localhost/]


Processing HomeController#index (for 127.0.0.1 at 2010-06-30 09:54:50) [GET]
  [4;36;1mPark Load (0.9ms)[0m   [0;1mSELECT * FROM "parks" [0m
Rendering template within layouts/home
Rendering home/index
Completed in 1456ms (View: 33, DB: 1) | 200 OK [http://localhost/]


Processing HomeController#index (for 127.0.0.1 at 2010-06-30 09:55:16) [GET]
  [4;35;1mPark Load (0.6ms)[0m   [0mSELECT * FROM "parks" [0m
Rendering template within layouts/home
Rendering home/index
Completed in 10ms (View: 2, DB: 1) | 200 OK [http://localhost/]


Processing HomeController#index (for 127.0.0.1 at 2010-06-30 10:00:16) [GET]
  [4;36;1mPark Load (0.6ms)[0m   [0;1mSELECT * FROM "parks" [0m
Rendering template within layouts/home
Rendering home/index
Completed in 10ms (View: 2, DB: 1) | 200 OK [http://localhost/]


Processing HomeController#index (for 127.0.0.1 at 2010-06-30 10:00:25) [GET]
  [4;35;1mPark Load (0.6ms)[0m   [0mSELECT * FROM "parks" [0m
Rendering template within layouts/home
Rendering home/index
Completed in 10ms (View: 2, DB: 1) | 200 OK [http://localhost/]


Processing HomeController#index (for 127.0.0.1 at 2010-06-30 10:01:18) [GET]
  [4;36;1mPark Load (0.6ms)[0m   [0;1mSELECT * FROM "parks" [0m
Rendering template within layouts/home
Rendering home/index
Completed in 13ms (View: 6, DB: 1) | 200 OK [http://localhost/]


Processing HomeController#index (for 127.0.0.1 at 2010-06-30 10:09:02) [GET]
  [4;35;1mPark Load (0.6ms)[0m   [0mSELECT * FROM "parks" [0m
Rendering template within layouts/home
Rendering home/index
Completed in 13ms (View: 6, DB: 1) | 200 OK [http://localhost/]


Processing HomeController#index (for 127.0.0.1 at 2010-06-30 10:09:11) [GET]
  [4;36;1mPark Load (0.6ms)[0m   [0;1mSELECT * FROM "parks" [0m
Rendering template within layouts/home
Rendering home/index
Completed in 9ms (View: 2, DB: 1) | 200 OK [http://localhost/]


Processing HomeController#index (for 127.0.0.1 at 2010-06-30 10:09:55) [GET]
  [4;35;1mPark Load (0.6ms)[0m   [0mSELECT * FROM "parks" [0m
Rendering template within layouts/home
Rendering home/index
Completed in 8ms (View: 2, DB: 1) | 200 OK [http://localhost/]


Processing HomeController#index (for 127.0.0.1 at 2010-06-30 10:09:58) [GET]
  [4;36;1mPark Load (0.6ms)[0m   [0;1mSELECT * FROM "parks" [0m
Rendering template within layouts/home
Rendering home/index
Completed in 9ms (View: 2, DB: 1) | 200 OK [http://localhost/]


Processing HomeController#index (for 127.0.0.1 at 2010-06-30 10:10:19) [GET]
  [4;35;1mPark Load (0.6ms)[0m   [0mSELECT * FROM "parks" [0m
Rendering template within layouts/home
Rendering home/index
Completed in 9ms (View: 2, DB: 1) | 200 OK [http://localhost/]


Processing HomeController#index (for 127.0.0.1 at 2010-06-30 10:16:10) [GET]
  [4;36;1mPark Load (0.9ms)[0m   [0;1mSELECT * FROM "parks" [0m
Rendering template within layouts/home
Rendering home/index
Completed in 1398ms (View: 24, DB: 1) | 200 OK [http://localhost/]


Processing HomeController#index (for 127.0.0.1 at 2010-06-30 10:16:39) [GET]
  [4;35;1mPark Load (0.7ms)[0m   [0mSELECT * FROM "parks" [0m
Rendering template within layouts/home
Rendering home/index
Completed in 9ms (View: 2, DB: 1) | 200 OK [http://localhost/]


Processing HomeController#index (for 127.0.0.1 at 2010-06-30 10:17:01) [GET]
  [4;36;1mPark Load (0.7ms)[0m   [0;1mSELECT * FROM "parks" [0m
Rendering template within layouts/home
Rendering home/index
Completed in 9ms (View: 2, DB: 1) | 200 OK [http://localhost/]


Processing HomeController#index (for 127.0.0.1 at 2010-06-30 10:17:23) [GET]
  [4;35;1mPark Load (0.7ms)[0m   [0mSELECT * FROM "parks" [0m
Rendering template within layouts/home
Rendering home/index
Completed in 10ms (View: 2, DB: 1) | 200 OK [http://localhost/]


Processing HomeController#index (for 127.0.0.1 at 2010-06-30 10:19:43) [GET]
  [4;36;1mPark Load (0.6ms)[0m   [0;1mSELECT * FROM "parks" [0m
Rendering template within layouts/home
Rendering home/index
Completed in 9ms (View: 2, DB: 1) | 200 OK [http://localhost/]
